<?xml version="1.0" encoding="UTF-8"?>
<!-- Generated by org.testng.reporters.JUnitXMLReporter -->
<testsuite hostname="vikasahuja-PC" ignored="0" name="Default test" tests="4" failures="0" timestamp="29 Jan 2019 15:29:30 GMT" time="85.77" errors="0">
  <testcase name="tc_001_login_functionality" time="9.658" classname="org.automation.testingworld.testcases.TC_001_ValidateLoginFunctionality_dataproviderinSeperateclass_with_Excel"/>
  <testcase name="tc_001_login_functionality" time="5.055" classname="org.automation.testingworld.testcases.TC_001_ValidateLoginFunctionality_dataproviderinSeperateclass_with_Excel"/>
  <testcase name="tc_001_login_functionality" time="3.946" classname="org.automation.testingworld.testcases.TC_001_ValidateLoginFunctionality_dataproviderinSeperateclass_with_Excel"/>
  <testcase name="tc_001_login_functionality" time="4.47" classname="org.automation.testingworld.testcases.TC_001_ValidateLoginFunctionality_dataproviderinSeperateclass_with_Excel"/>
</testsuite> <!-- Default test -->
